<?xml version="1.0" encoding="UTF-8"?>
<testsuite xmlns:xsi="http://www.w3.org/2001/XMLSchema-instance" xsi:noNamespaceSchemaLocation="https://maven.apache.org/surefire/maven-surefire-plugin/xsd/surefire-test-report.xsd" name="com.sofe3980U.AppTest" time="0.942" tests="1" errors="0" skipped="0" failures="0">
  <properties>
    <property name="java.specification.version" value="16"/>
    <property name="sun.jnu.encoding" value="UTF-8"/>
    <property name="java.class.path" value="/Users/purthasmacbookpro/Desktop/2223/Winter/SoftQual/Assignments/Clustering/target/test-classes:/Users/purthasmacbookpro/Desktop/2223/Winter/SoftQual/Assignments/Clustering/target/classes:/Users/purthasmacbookpro/.m2/repository/junit/junit/4.11/junit-4.11.jar:/Users/purthasmacbookpro/.m2/repository/org/hamcrest/hamcrest-core/1.3/hamcrest-core-1.3.jar:/Users/purthasmacbookpro/.m2/repository/net/sourceforge/javaml/0.1.7/javaml-0.1.7.jar:/Users/purthasmacbookpro/.m2/repository/be/abeel/ajt/2.9/ajt-2.9.jar:"/>
    <property name="java.vm.vendor" value="Eclipse Foundation"/>
    <property name="sun.arch.data.model" value="64"/>
    <property name="java.vendor.url" value="https://adoptium.net/"/>
    <property name="os.name" value="Mac OS X"/>
    <property name="java.vm.specification.version" value="16"/>
    <property name="sun.java.launcher" value="SUN_STANDARD"/>
    <property name="user.country" value="CA"/>
    <property name="sun.boot.library.path" value="/Library/Java/JavaVirtualMachines/temurin-16.jdk/Contents/Home/lib"/>
    <property name="sun.java.command" value="/Users/purthasmacbookpro/Desktop/2223/Winter/SoftQual/Assignments/Clustering/target/surefire/surefirebooter3620883845040693849.jar /Users/purthasmacbookpro/Desktop/2223/Winter/SoftQual/Assignments/Clustering/target/surefire 2023-03-19T23-10-26_864-jvmRun1 surefire4111292177253868003tmp surefire_0671393881931020765tmp"/>
    <property name="http.nonProxyHosts" value="local|*.local|169.254/16|*.169.254/16"/>
    <property name="jdk.debug" value="release"/>
    <property name="surefire.test.class.path" value="/Users/purthasmacbookpro/Desktop/2223/Winter/SoftQual/Assignments/Clustering/target/test-classes:/Users/purthasmacbookpro/Desktop/2223/Winter/SoftQual/Assignments/Clustering/target/classes:/Users/purthasmacbookpro/.m2/repository/junit/junit/4.11/junit-4.11.jar:/Users/purthasmacbookpro/.m2/repository/org/hamcrest/hamcrest-core/1.3/hamcrest-core-1.3.jar:/Users/purthasmacbookpro/.m2/repository/net/sourceforge/javaml/0.1.7/javaml-0.1.7.jar:/Users/purthasmacbookpro/.m2/repository/be/abeel/ajt/2.9/ajt-2.9.jar:"/>
    <property name="sun.cpu.endian" value="little"/>
    <property name="user.home" value="/Users/purthasmacbookpro"/>
    <property name="user.language" value="en"/>
    <property name="java.specification.vendor" value="Oracle Corporation"/>
    <property name="java.version.date" value="2021-07-20"/>
    <property name="java.home" value="/Library/Java/JavaVirtualMachines/temurin-16.jdk/Contents/Home"/>
    <property name="file.separator" value="/"/>
    <property name="basedir" value="/Users/purthasmacbookpro/Desktop/2223/Winter/SoftQual/Assignments/Clustering"/>
    <property name="java.vm.compressedOopsMode" value="Zero based"/>
    <property name="line.separator" value="&#10;"/>
    <property name="java.specification.name" value="Java Platform API Specification"/>
    <property name="java.vm.specification.vendor" value="Oracle Corporation"/>
    <property name="surefire.real.class.path" value="/Users/purthasmacbookpro/Desktop/2223/Winter/SoftQual/Assignments/Clustering/target/surefire/surefirebooter3620883845040693849.jar"/>
    <property name="sun.management.compiler" value="HotSpot 64-Bit Tiered Compilers"/>
    <property name="ftp.nonProxyHosts" value="local|*.local|169.254/16|*.169.254/16"/>
    <property name="java.runtime.version" value="16.0.2+7"/>
    <property name="user.name" value="purthasmacbookpro"/>
    <property name="path.separator" value=":"/>
    <property name="os.version" value="11.2"/>
    <property name="java.runtime.name" value="OpenJDK Runtime Environment"/>
    <property name="file.encoding" value="UTF-8"/>
    <property name="java.vm.name" value="OpenJDK 64-Bit Server VM"/>
    <property name="java.vendor.version" value="Temurin-16.0.2+7"/>
    <property name="localRepository" value="/Users/purthasmacbookpro/.m2/repository"/>
    <property name="java.vendor.url.bug" value="https://github.com/adoptium/adoptium-support/issues"/>
    <property name="java.io.tmpdir" value="/var/folders/w8/mnscyg917c11hjdybw3887x80000gn/T/"/>
    <property name="java.version" value="16.0.2"/>
    <property name="user.dir" value="/Users/purthasmacbookpro/Desktop/2223/Winter/SoftQual/Assignments/Clustering"/>
    <property name="os.arch" value="x86_64"/>
    <property name="java.vm.specification.name" value="Java Virtual Machine Specification"/>
    <property name="java.library.path" value="/Users/purthasmacbookpro/Library/Java/Extensions:/Library/Java/Extensions:/Network/Library/Java/Extensions:/System/Library/Java/Extensions:/usr/lib/java:."/>
    <property name="java.vm.info" value="mixed mode, sharing"/>
    <property name="java.vendor" value="Eclipse Foundation"/>
    <property name="java.vm.version" value="16.0.2+7"/>
    <property name="sun.io.unicode.encoding" value="UnicodeBig"/>
    <property name="socksNonProxyHosts" value="local|*.local|169.254/16|*.169.254/16"/>
    <property name="java.class.version" value="60.0"/>
  </properties>
  <testcase name="testClustering" classname="com.sofe3980U.AppTest" time="0.922"/>
</testsuite>